1751487476834	geckodriver	INFO	Listening on 127.0.0.1:47129
1751487476871	mozrunner::runner	INFO	Running command: MOZ_CRASHREPORTER="1" MOZ_CRASHREPORTER_NO_REPORT="1" MOZ_CRASHREPORTER_SHUTDOWN="1" MOZ_NO_REMOTE="1" "/usr ... ss" "--remote-debugging-port" "34899" "--remote-allow-hosts" "localhost" "-no-remote" "-profile" "/tmp/rust_mozprofileC51QSH"
*** You are running in headless mode.
console.warn: services.settings: Ignoring preference override of remote settings server
console.warn: services.settings: Allow by setting MOZ_REMOTE_SETTINGS_DEVTOOLS=1 in the environment
1751487477100	Marionette	INFO	Marionette enabled
1751487477159	Marionette	INFO	Listening on port 46055
WebDriver BiDi listening on ws://127.0.0.1:34899
Read port: 46055
1751487477240	RemoteAgent	WARN	TLS certificate errors will be ignored for this session
[GFX1-]: RenderCompositorSWGL failed mapping default framebuffer, no dt
console.error: ({})
DevTools listening on ws://127.0.0.1:34899/devtools/browser/5b7f7d48-721d-41e1-b10b-5eddd076c089
1751487478092	geckodriver	INFO	Listening on 127.0.0.1:44713
1751487478136	mozrunner::runner	INFO	Running command: MOZ_CRASHREPORTER="1" MOZ_CRASHREPORTER_NO_REPORT="1" MOZ_CRASHREPORTER_SHUTDOWN="1" MOZ_NO_REMOTE="1" "/usr ... ss" "--remote-debugging-port" "40457" "--remote-allow-hosts" "localhost" "-no-remote" "-profile" "/tmp/rust_mozprofile10QHgA"
*** You are running in headless mode.
console.warn: services.settings: Ignoring preference override of remote settings server
console.warn: services.settings: Allow by setting MOZ_REMOTE_SETTINGS_DEVTOOLS=1 in the environment
1751487478442	Marionette	INFO	Marionette enabled
1751487478512	Marionette	INFO	Listening on port 45173
WebDriver BiDi listening on ws://127.0.0.1:40457
Read port: 45173
1751487478619	Marionette	WARN	Ignoring event 'pageshow' because document has an invalid readyState of 'uninitialized'.
1751487478734	Marionette	WARN	Ignoring event 'pageshow' because document has an invalid readyState of 'uninitialized'.
1751487478748	RemoteAgent	WARN	TLS certificate errors will be ignored for this session
1751487478849	Marionette	INFO	Stopped listening on port 46055
[GFX1-]: RenderCompositorSWGL failed mapping default framebuffer, no dt
console.error: ({})
console.error: (new AbortError("IndexedDB: main/fingerprinting-protection-overrides list() IndexedDB:  execute() A request was aborted, for example through a call to IDBTransaction.abort.", "resource://services-settings/IDBHelpers.sys.mjs", 16))
DevTools listening on ws://127.0.0.1:40457/devtools/browser/6a2b83d8-fdd1-4e3e-a92e-447368e60ffd
1751487479636	Marionette	INFO	Stopped listening on port 45173
1751487479642	geckodriver	INFO	Listening on 127.0.0.1:60259
1751487479670	mozrunner::runner	INFO	Running command: MOZ_CRASHREPORTER="1" MOZ_CRASHREPORTER_NO_REPORT="1" MOZ_CRASHREPORTER_SHUTDOWN="1" MOZ_NO_REMOTE="1" "/usr ... ss" "--remote-debugging-port" "46263" "--remote-allow-hosts" "localhost" "-no-remote" "-profile" "/tmp/rust_mozprofile94Pd2m"
*** You are running in headless mode.
console.warn: services.settings: Ignoring preference override of remote settings server
console.warn: services.settings: Allow by setting MOZ_REMOTE_SETTINGS_DEVTOOLS=1 in the environment
1751487479906	Marionette	INFO	Marionette enabled
1751487479967	Marionette	INFO	Listening on port 37157
Read port: 37157
WebDriver BiDi listening on ws://127.0.0.1:46263
1751487480045	RemoteAgent	WARN	TLS certificate errors will be ignored for this session
console.error: (new TypeError("NetworkError: Network request failed", "resource://services-settings/Utils.sys.mjs", 236))
console.error: services.settings: 
  main/fingerprinting-protection-overrides Signature failed  TypeError: NetworkError: Network request failed
console.error: (new NetworkError("Network error: TypeError: NetworkError: Network request failed", "resource://services-settings/RemoteSettingsClient.sys.mjs", 107))
[GFX1-]: RenderCompositorSWGL failed mapping default framebuffer, no dt
console.error: ({})
DevTools listening on ws://127.0.0.1:46263/devtools/browser/d9919d88-fe44-43b7-aa32-e8bc93bc989d
1751487480907	Marionette	INFO	Stopped listening on port 37157
1751487480911	geckodriver	INFO	Listening on 127.0.0.1:56841
1751487480938	mozrunner::runner	INFO	Running command: MOZ_CRASHREPORTER="1" MOZ_CRASHREPORTER_NO_REPORT="1" MOZ_CRASHREPORTER_SHUTDOWN="1" MOZ_NO_REMOTE="1" "/usr ... ss" "--remote-debugging-port" "54055" "--remote-allow-hosts" "localhost" "-no-remote" "-profile" "/tmp/rust_mozprofileftlnow"
*** You are running in headless mode.
console.warn: services.settings: Ignoring preference override of remote settings server
console.warn: services.settings: Allow by setting MOZ_REMOTE_SETTINGS_DEVTOOLS=1 in the environment
1751487481178	Marionette	INFO	Marionette enabled
1751487481271	Marionette	INFO	Listening on port 36565
WebDriver BiDi listening on ws://127.0.0.1:54055
console.error: services.settings: 
  main/query-stripping Signature failed  TypeError: NetworkError: Network request failed
Read port: 36565
console.error: (new NetworkError("Network error: TypeError: NetworkError: Network request failed", "resource://services-settings/RemoteSettingsClient.sys.mjs", 107))
console.error: services.settings: 
  main/fingerprinting-protection-overrides Signature failed  TypeError: NetworkError: Network request failed
console.error: (new NetworkError("Network error: TypeError: NetworkError: Network request failed", "resource://services-settings/RemoteSettingsClient.sys.mjs", 107))
1751487481446	RemoteAgent	WARN	TLS certificate errors will be ignored for this session
[GFX1-]: RenderCompositorSWGL failed mapping default framebuffer, no dt
console.error: ({})
DevTools listening on ws://127.0.0.1:54055/devtools/browser/ec5ba682-faa2-4e03-aac2-f9542cd96a47
1751487482219	Marionette	INFO	Stopped listening on port 36565
console.error: services.settings: 
  main/query-stripping Signature failed  TypeError: NetworkError: Network request failed
console.error: services.settings: 
  main/fingerprinting-protection-overrides Signature failed  TypeError: NetworkError: Network request failed
console.error: (new NetworkError("Network error: TypeError: NetworkError: Network request failed", "resource://services-settings/RemoteSettingsClient.sys.mjs", 107))
console.error: (new NetworkError("Network error: TypeError: NetworkError: Network request failed", "resource://services-settings/RemoteSettingsClient.sys.mjs", 107))
